<?xml version="1.0" encoding="UTF-8"?>
<testng-results total="1" passed="1" failed="0" skipped="0">
  <reporter-output>
  </reporter-output>
  <suite started-at="2020-02-19T16:52:39Z" name="Suite" finished-at="2020-02-19T16:53:02Z" duration-ms="22145">
    <groups>
    </groups>
    <test started-at="2020-02-19T16:52:39Z" name="Regression" finished-at="2020-02-19T16:53:02Z" duration-ms="22145">
      <class name="rahulshettyacademy.HomePageTests">
        <test-method signature="ClickingPractiseProjects()[pri:0, instance:rahulshettyacademy.HomePageTests@42e25b0b]" started-at="2020-02-19T22:22:39Z" name="ClickingPractiseProjects" finished-at="2020-02-19T22:23:01Z" duration-ms="21654" status="PASS">
          <reporter-output>
          </reporter-output>
        </test-method> <!-- ClickingPractiseProjects -->
        <test-method is-config="true" signature="teardown()[pri:0, instance:rahulshettyacademy.HomePageTests@42e25b0b]" started-at="2020-02-19T22:23:01Z" name="teardown" finished-at="2020-02-19T22:23:02Z" duration-ms="473" status="PASS">
          <reporter-output>
          </reporter-output>
        </test-method> <!-- teardown -->
      </class> <!-- rahulshettyacademy.HomePageTests -->
    </test> <!-- Regression -->
  </suite> <!-- Suite -->
</testng-results>
